2024-04-23 13:55:04.082 | INFO     | __main__:send_welcome:57 - User-465082314 opened the chat
2024-04-23 13:57:01.089 | INFO     | __main__:comment_5:635 - Trying to save user data to the google sheets...
2024-04-23 13:57:01.494 | SUCCESS  | save_data_manually:save_user_data_manually:16 - Saved user data manually.
2024-04-23 13:57:01.909 | INFO     | __main__:notify_telegram_group:763 - The admins have been notified.
2024-04-23 13:57:02.834 | WARNING  | google_sheets:check_token_expicicy_and_refresh:128 - Token has expired. Attempt: 0 to refresh it
2024-04-23 13:57:03.684 | SUCCESS  | google_sheets:refresh_token:41 - Token has been successfully refreshed.
2024-04-23 13:57:04.099 | SUCCESS  | google_sheets:check_token_expicicy_and_refresh:131 - Token has been succesfully refreshed
2024-04-23 13:57:04.504 | INFO     | __main__:save_survey_data_to_google_sheets:649 - Token is valid
2024-04-23 13:57:07.860 | SUCCESS  | google_sheets:append_values:62 - 36 cells appended.
2024-04-23 13:58:16.143 | INFO     | __main__:comment_5:635 - Trying to save user data to the google sheets...
2024-04-23 13:58:16.378 | SUCCESS  | save_data_manually:save_user_data_manually:16 - Saved user data manually.
2024-04-23 13:58:16.871 | INFO     | __main__:notify_telegram_group:763 - The admins have been notified.
2024-04-23 13:58:17.290 | INFO     | google_sheets:check_token_expicicy_and_refresh:124 - Token's current state: True
2024-04-23 13:58:17.291 | INFO     | __main__:save_survey_data_to_google_sheets:649 - Token is valid
2024-04-23 13:58:18.479 | SUCCESS  | google_sheets:append_values:62 - 36 cells appended.
2024-04-24 05:38:10.881 | INFO     | __main__:comment_5:635 - Trying to save user data to the google sheets...
2024-04-24 05:38:11.140 | SUCCESS  | save_data_manually:save_user_data_manually:16 - Saved user data manually.
2024-04-24 05:38:11.536 | INFO     | __main__:notify_telegram_group:763 - The admins have been notified.
2024-04-24 05:38:12.332 | WARNING  | google_sheets:check_token_expicicy_and_refresh:128 - Token has expired. Attempt: 0 to refresh it
2024-04-24 05:38:13.341 | INFO     | __main__:send_welcome:57 - User-465082314 opened the chat
2024-04-24 05:38:13.365 | SUCCESS  | google_sheets:refresh_token:41 - Token has been successfully refreshed.
2024-04-24 05:38:13.768 | SUCCESS  | google_sheets:check_token_expicicy_and_refresh:131 - Token has been succesfully refreshed
2024-04-24 05:38:14.171 | INFO     | __main__:save_survey_data_to_google_sheets:649 - Token is valid
2024-04-24 05:38:15.839 | SUCCESS  | google_sheets:append_values:62 - 36 cells appended.
2024-04-24 05:38:52.747 | INFO     | __main__:comment_5:635 - Trying to save user data to the google sheets...
2024-04-24 05:38:53.087 | SUCCESS  | save_data_manually:save_user_data_manually:16 - Saved user data manually.
2024-04-24 05:38:53.464 | INFO     | __main__:notify_telegram_group:763 - The admins have been notified.
2024-04-24 05:38:53.873 | INFO     | google_sheets:check_token_expicicy_and_refresh:124 - Token's current state: True
2024-04-24 05:38:53.874 | INFO     | __main__:save_survey_data_to_google_sheets:649 - Token is valid
2024-04-24 05:38:55.625 | SUCCESS  | google_sheets:append_values:62 - 36 cells appended.
2024-04-24 06:31:51.512 | INFO     | __main__:comment_5:635 - Trying to save user data to the google sheets...
2024-04-24 06:31:51.741 | SUCCESS  | save_data_manually:save_user_data_manually:16 - Saved user data manually.
2024-04-24 06:31:52.217 | INFO     | __main__:notify_telegram_group:763 - The admins have been notified.
2024-04-24 06:31:52.722 | INFO     | google_sheets:check_token_expicicy_and_refresh:124 - Token's current state: True
2024-04-24 06:31:52.723 | INFO     | __main__:save_survey_data_to_google_sheets:649 - Token is valid
2024-04-24 06:31:54.375 | SUCCESS  | google_sheets:append_values:62 - 36 cells appended.
2024-04-24 06:32:49.674 | INFO     | __main__:send_welcome:57 - User-465082314 opened the chat
2024-04-24 06:34:14.538 | INFO     | __main__:comment_5:635 - Trying to save user data to the google sheets...
2024-04-24 06:34:14.739 | SUCCESS  | save_data_manually:save_user_data_manually:16 - Saved user data manually.
2024-04-24 06:34:15.240 | INFO     | __main__:notify_telegram_group:763 - The admins have been notified.
2024-04-24 06:34:15.660 | INFO     | google_sheets:check_token_expicicy_and_refresh:124 - Token's current state: True
2024-04-24 06:34:15.661 | INFO     | __main__:save_survey_data_to_google_sheets:649 - Token is valid
2024-04-24 06:34:16.733 | SUCCESS  | google_sheets:append_values:62 - 36 cells appended.
2024-04-24 08:34:57.556 | INFO     | __main__:comment_5:635 - Trying to save user data to the google sheets...
2024-04-24 08:34:57.864 | SUCCESS  | save_data_manually:save_user_data_manually:16 - Saved user data manually.
2024-04-24 08:34:58.372 | INFO     | __main__:notify_telegram_group:763 - The admins have been notified.
2024-04-24 08:34:59.150 | WARNING  | google_sheets:check_token_expicicy_and_refresh:128 - Token has expired. Attempt: 0 to refresh it
2024-04-24 08:35:00.115 | SUCCESS  | google_sheets:refresh_token:41 - Token has been successfully refreshed.
2024-04-24 08:35:00.518 | SUCCESS  | google_sheets:check_token_expicicy_and_refresh:131 - Token has been succesfully refreshed
2024-04-24 08:35:00.922 | INFO     | __main__:save_survey_data_to_google_sheets:649 - Token is valid
2024-04-24 08:35:02.584 | SUCCESS  | google_sheets:append_values:62 - 36 cells appended.
